[2025-06-11 10:20:00] === Debug signup process started ===
[2025-06-11 10:20:00] Database connection included
[2025-06-11 10:20:00] Method: POST
[2025-06-11 10:20:00] POST data: Array
(
    [full_name] => Reman Manuel Sahasika
    [email] => tehodorems29@gmail.com
    [password] => 12345678
    [confirm_password] => 12345678
    [terms] => on
)

[2025-06-11 10:20:00] Data received - Name: Reman Manuel Sahasika, Email: tehodorems29@gmail.com
[2025-06-11 10:20:00] Validation passed, checking database connection
[2025-06-11 10:20:00] Database connected successfully
[2025-06-11 10:20:00] Email check passed, proceeding with insert
[2025-06-11 10:20:00] Password hashed successfully
[2025-06-11 10:20:00] Current time: 2025-06-11 10:20:00
[2025-06-11 10:20:00] Insert query prepared successfully
[2025-06-11 10:20:00] Parameters bound, executing insert
[2025-06-11 10:20:00] Insert executed successfully
[2025-06-11 10:20:00] New user ID: 1
[2025-06-11 10:20:00] === Debug signup process ended ===
[2025-06-11 10:21:46] === Debug signup process started ===
[2025-06-11 10:21:46] Database connection included
[2025-06-11 10:21:46] Method: POST
[2025-06-11 10:21:46] POST data: Array
(
    [full_name] => ardina
    [email] => ardina@gmail.com
    [password] => 123
    [confirm_password] => 123
    [terms] => on
)

[2025-06-11 10:21:46] Data received - Name: ardina, Email: ardina@gmail.com
[2025-06-11 10:21:46] Validation error: Password too short
[2025-06-11 10:21:46] Validation failed with errors: Password minimal 6 karakter
[2025-06-11 10:21:46] === Debug signup process ended ===
[2025-06-11 10:22:00] === Debug signup process started ===
[2025-06-11 10:22:00] Database connection included
[2025-06-11 10:22:00] Method: POST
[2025-06-11 10:22:00] POST data: Array
(
    [full_name] => ardina
    [email] => ardina@gmail.com
    [password] => 123dina
    [confirm_password] => 123dina
    [terms] => on
)

[2025-06-11 10:22:00] Data received - Name: ardina, Email: ardina@gmail.com
[2025-06-11 10:22:00] Validation passed, checking database connection
[2025-06-11 10:22:00] Database connected successfully
[2025-06-11 10:22:00] Email check passed, proceeding with insert
[2025-06-11 10:22:00] Password hashed successfully
[2025-06-11 10:22:00] Current time: 2025-06-11 10:22:00
[2025-06-11 10:22:00] Insert query prepared successfully
[2025-06-11 10:22:00] Parameters bound, executing insert
[2025-06-11 10:22:00] Insert executed successfully
[2025-06-11 10:22:00] New user ID: 2
[2025-06-11 10:22:00] === Debug signup process ended ===
